[19:29:13] [ERROR] CConnection::CConnection - establishing connection to MySQL database failed: #2002 'Can't connect to MySQL server on 'localhost' (10061)'
[19:29:17] [ERROR] CConnection::CConnection - establishing connection to MySQL database failed: #2002 'Can't connect to MySQL server on 'localhost' (10061)'
[19:29:21] [ERROR] CConnection::CConnection - establishing connection to MySQL database failed: #2002 'Can't connect to MySQL server on 'localhost' (10061)'
[19:29:25] [ERROR] CConnection::CConnection - establishing connection to MySQL database failed: #2002 'Can't connect to MySQL server on 'localhost' (10061)'
[19:29:25] [ERROR] cache_set_active: invalid cache id '0'
[19:29:25] [ERROR] cache_get_row_count: no active cache
[19:29:25] [ERROR] cache_delete: invalid cache id '0'
[19:29:25] [ERROR] cache_set_active: invalid cache id '0'
[19:29:25] [ERROR] cache_get_row_count: no active cache
[19:29:25] [ERROR] cache_delete: invalid cache id '0'
[19:29:25] [ERROR] cache_set_active: invalid cache id '0'
[19:29:25] [ERROR] cache_get_row_count: no active cache
[19:29:25] [ERROR] cache_delete: invalid cache id '0'
[19:31:44] [ERROR] CConnection::CConnection - establishing connection to MySQL database failed: #2002 'Can't connect to MySQL server on 'localhost' (10061)'
[19:31:48] [ERROR] CConnection::CConnection - establishing connection to MySQL database failed: #2002 'Can't connect to MySQL server on 'localhost' (10061)'
[19:31:52] [ERROR] CConnection::CConnection - establishing connection to MySQL database failed: #2002 'Can't connect to MySQL server on 'localhost' (10061)'
[19:32:23] [ERROR] CConnection::CConnection - establishing connection to MySQL database failed: #2002 'Can't connect to MySQL server on 'localhost' (10061)'
[19:32:27] [ERROR] CConnection::CConnection - establishing connection to MySQL database failed: #2002 'Can't connect to MySQL server on 'localhost' (10061)'
[19:32:31] [ERROR] CConnection::CConnection - establishing connection to MySQL database failed: #2002 'Can't connect to MySQL server on 'localhost' (10061)'
[19:32:35] [ERROR] CConnection::CConnection - establishing connection to MySQL database failed: #2002 'Can't connect to MySQL server on 'localhost' (10061)'
[19:32:35] [ERROR] cache_set_active: invalid cache id '0'
[19:32:35] [ERROR] cache_get_row_count: no active cache
[19:32:35] [ERROR] cache_delete: invalid cache id '0'
[19:32:35] [ERROR] cache_set_active: invalid cache id '0'
[19:32:35] [ERROR] cache_get_row_count: no active cache
[19:32:35] [ERROR] cache_delete: invalid cache id '0'
[19:32:35] [ERROR] cache_set_active: invalid cache id '0'
[19:32:35] [ERROR] cache_get_row_count: no active cache
[19:32:35] [ERROR] cache_delete: invalid cache id '0'
[19:32:45] [ERROR] CConnection::CConnection - establishing connection to MySQL database failed: #2002 'Can't connect to MySQL server on 'localhost' (10061)'
[19:32:48] [ERROR] CConnection::CConnection - establishing connection to MySQL database failed: #1045 'Access denied for user 'root'@'localhost' (using password: YES)'
[19:32:48] [ERROR] CConnection::CConnection - establishing connection to MySQL database failed: #1045 'Access denied for user 'root'@'localhost' (using password: YES)'
[19:32:48] [ERROR] CConnection::CConnection - establishing connection to MySQL database failed: #1045 'Access denied for user 'root'@'localhost' (using password: YES)'
[19:32:48] [ERROR] cache_set_active: invalid cache id '0'
[19:32:48] [ERROR] cache_get_row_count: no active cache
[19:32:48] [ERROR] cache_delete: invalid cache id '0'
[19:32:48] [ERROR] cache_set_active: invalid cache id '0'
[19:32:48] [ERROR] cache_get_row_count: no active cache
[19:32:48] [ERROR] cache_delete: invalid cache id '0'
[19:32:48] [ERROR] cache_set_active: invalid cache id '0'
[19:32:48] [ERROR] cache_get_row_count: no active cache
[19:32:48] [ERROR] cache_delete: invalid cache id '0'
[19:35:43] [ERROR] CConnection::CConnection - establishing connection to MySQL database failed: #1045 'Access denied for user 'root'@'localhost' (using password: YES)'
[19:35:43] [ERROR] CConnection::CConnection - establishing connection to MySQL database failed: #1045 'Access denied for user 'root'@'localhost' (using password: YES)'
[19:35:43] [ERROR] CConnection::CConnection - establishing connection to MySQL database failed: #1045 'Access denied for user 'root'@'localhost' (using password: YES)'
[19:35:43] [ERROR] CConnection::CConnection - establishing connection to MySQL database failed: #1045 'Access denied for user 'root'@'localhost' (using password: YES)'
[19:35:43] [ERROR] cache_set_active: invalid cache id '0'
[19:35:43] [ERROR] cache_get_row_count: no active cache
[19:35:43] [ERROR] cache_delete: invalid cache id '0'
[19:35:43] [ERROR] cache_set_active: invalid cache id '0'
[19:35:43] [ERROR] cache_get_row_count: no active cache
[19:35:43] [ERROR] cache_delete: invalid cache id '0'
[19:35:43] [ERROR] cache_set_active: invalid cache id '0'
[19:35:43] [ERROR] cache_get_row_count: no active cache
[19:35:43] [ERROR] cache_delete: invalid cache id '0'
[19:37:39] [WARNING] mysql_connect: no password specified
